\BOOKMARK [0][-]{chapter.1}{\376\377\0001\000\040\000H\000i\000e\000r\000a\000r\000c\000h\000i\000c\000a\000l\000\040\000I\000n\000d\000e\000x}{}% 1
\BOOKMARK [1][-]{section.1.1}{\376\377\0001\000.\0001\000\040\000C\000l\000a\000s\000s\000\040\000H\000i\000e\000r\000a\000r\000c\000h\000y}{chapter.1}% 2
\BOOKMARK [0][-]{chapter.2}{\376\377\0002\000\040\000C\000l\000a\000s\000s\000\040\000I\000n\000d\000e\000x}{}% 3
\BOOKMARK [1][-]{section.2.1}{\376\377\0002\000.\0001\000\040\000C\000l\000a\000s\000s\000\040\000L\000i\000s\000t}{chapter.2}% 4
\BOOKMARK [0][-]{chapter.3}{\376\377\0003\000\040\000F\000i\000l\000e\000\040\000I\000n\000d\000e\000x}{}% 5
\BOOKMARK [1][-]{section.3.1}{\376\377\0003\000.\0001\000\040\000F\000i\000l\000e\000\040\000L\000i\000s\000t}{chapter.3}% 6
\BOOKMARK [0][-]{chapter.4}{\376\377\0004\000\040\000C\000l\000a\000s\000s\000\040\000D\000o\000c\000u\000m\000e\000n\000t\000a\000t\000i\000o\000n}{}% 7
\BOOKMARK [1][-]{section.4.1}{\376\377\0004\000.\0001\000\040\000A\000l\000l\000o\000m\000a\000s\000\040\000C\000l\000a\000s\000s\000\040\000R\000e\000f\000e\000r\000e\000n\000c\000e}{chapter.4}% 8
\BOOKMARK [2][-]{subsection.4.1.1}{\376\377\0004\000.\0001\000.\0001\000\040\000C\000o\000n\000s\000t\000r\000u\000c\000t\000o\000r\000\040\000\046\000\040\000D\000e\000s\000t\000r\000u\000c\000t\000o\000r\000\040\000D\000o\000c\000u\000m\000e\000n\000t\000a\000t\000i\000o\000n}{section.4.1}% 9
\BOOKMARK [3][-]{subsubsection.4.1.1.1}{\376\377\0004\000.\0001\000.\0001\000.\0001\000\040\000A\000l\000l\000o\000m\000a\000s\000\050\000\051}{subsection.4.1.1}% 10
\BOOKMARK [3][-]{subsubsection.4.1.1.2}{\376\377\0004\000.\0001\000.\0001\000.\0002\000\040\000~\000A\000l\000l\000o\000m\000a\000s\000\050\000\051}{subsection.4.1.1}% 11
\BOOKMARK [2][-]{subsection.4.1.2}{\376\377\0004\000.\0001\000.\0002\000\040\000M\000e\000m\000b\000e\000r\000\040\000F\000u\000n\000c\000t\000i\000o\000n\000\040\000D\000o\000c\000u\000m\000e\000n\000t\000a\000t\000i\000o\000n}{section.4.1}% 12
\BOOKMARK [3][-]{subsubsection.4.1.2.1}{\376\377\0004\000.\0001\000.\0002\000.\0001\000\040\000A\000l\000l\000o\000m\000a\000s\000D\000e\000l\000e\000t\000e\000\050\000\051}{subsection.4.1.2}% 13
\BOOKMARK [3][-]{subsubsection.4.1.2.2}{\376\377\0004\000.\0001\000.\0002\000.\0002\000\040\000F\000i\000n\000d\000A\000l\000l\000o\000m\000a\000s\000B\000y\000N\000a\000m\000e\000\050\000\051}{subsection.4.1.2}% 14
\BOOKMARK [3][-]{subsubsection.4.1.2.3}{\376\377\0004\000.\0001\000.\0002\000.\0003\000\040\000g\000e\000t\000A\000l\000l\000o\000m\000a\000s\000N\000e\000v\000\050\000\051}{subsection.4.1.2}% 15
\BOOKMARK [3][-]{subsubsection.4.1.2.4}{\376\377\0004\000.\0001\000.\0002\000.\0004\000\040\000g\000e\000t\000B\000u\000f\000e\000\050\000\051}{subsection.4.1.2}% 16
\BOOKMARK [3][-]{subsubsection.4.1.2.5}{\376\377\0004\000.\0001\000.\0002\000.\0005\000\040\000g\000e\000t\000N\000e\000x\000t\000N\000o\000d\000e\000\050\000\051}{subsection.4.1.2}% 17
\BOOKMARK [3][-]{subsubsection.4.1.2.6}{\376\377\0004\000.\0001\000.\0002\000.\0006\000\040\000g\000e\000t\000W\000c\000\050\000\051}{subsection.4.1.2}% 18
\BOOKMARK [3][-]{subsubsection.4.1.2.7}{\376\377\0004\000.\0001\000.\0002\000.\0007\000\040\000g\000e\000t\000X\000\050\000\051}{subsection.4.1.2}% 19
\BOOKMARK [3][-]{subsubsection.4.1.2.8}{\376\377\0004\000.\0001\000.\0002\000.\0008\000\040\000g\000e\000t\000Y\000\050\000\051}{subsection.4.1.2}% 20
\BOOKMARK [3][-]{subsubsection.4.1.2.9}{\376\377\0004\000.\0001\000.\0002\000.\0009\000\040\000I\000n\000i\000t\000A\000l\000l\000o\000m\000a\000s\000\050\000\051}{subsection.4.1.2}% 21
\BOOKMARK [3][-]{subsubsection.4.1.2.10}{\376\377\0004\000.\0001\000.\0002\000.\0001\0000\000\040\000o\000p\000e\000r\000a\000t\000o\000r\000+\000\050\000\051}{subsection.4.1.2}% 22
\BOOKMARK [3][-]{subsubsection.4.1.2.11}{\376\377\0004\000.\0001\000.\0002\000.\0001\0001\000\040\000s\000e\000t\000N\000e\000x\000t\000N\000o\000d\000e\000\050\000\051}{subsection.4.1.2}% 23
\BOOKMARK [1][-]{section.4.2}{\376\377\0004\000.\0002\000\040\000H\000e\000l\000y\000J\000e\000g\000y\000\040\000C\000l\000a\000s\000s\000\040\000R\000e\000f\000e\000r\000e\000n\000c\000e}{chapter.4}% 24
\BOOKMARK [2][-]{subsection.4.2.1}{\376\377\0004\000.\0002\000.\0001\000\040\000C\000o\000n\000s\000t\000r\000u\000c\000t\000o\000r\000\040\000\046\000\040\000D\000e\000s\000t\000r\000u\000c\000t\000o\000r\000\040\000D\000o\000c\000u\000m\000e\000n\000t\000a\000t\000i\000o\000n}{section.4.2}% 25
\BOOKMARK [3][-]{subsubsection.4.2.1.1}{\376\377\0004\000.\0002\000.\0001\000.\0001\000\040\000H\000e\000l\000y\000J\000e\000g\000y\000\050\000\051\000\040\000[\0001\000/\0002\000]}{subsection.4.2.1}% 26
\BOOKMARK [3][-]{subsubsection.4.2.1.2}{\376\377\0004\000.\0002\000.\0001\000.\0002\000\040\000H\000e\000l\000y\000J\000e\000g\000y\000\050\000\051\000\040\000[\0002\000/\0002\000]}{subsection.4.2.1}% 27
\BOOKMARK [3][-]{subsubsection.4.2.1.3}{\376\377\0004\000.\0002\000.\0001\000.\0003\000\040\000~\000H\000e\000l\000y\000J\000e\000g\000y\000\050\000\051}{subsection.4.2.1}% 28
\BOOKMARK [2][-]{subsection.4.2.2}{\376\377\0004\000.\0002\000.\0002\000\040\000M\000e\000m\000b\000e\000r\000\040\000F\000u\000n\000c\000t\000i\000o\000n\000\040\000D\000o\000c\000u\000m\000e\000n\000t\000a\000t\000i\000o\000n}{section.4.2}% 29
\BOOKMARK [3][-]{subsubsection.4.2.2.1}{\376\377\0004\000.\0002\000.\0002\000.\0001\000\040\000C\000l\000o\000n\000e\000\050\000\051}{subsection.4.2.2}% 30
\BOOKMARK [3][-]{subsubsection.4.2.2.2}{\376\377\0004\000.\0002\000.\0002\000.\0002\000\040\000F\000i\000l\000e\000T\000o\000W\000r\000i\000t\000e\000\050\000\051}{subsection.4.2.2}% 31
\BOOKMARK [3][-]{subsubsection.4.2.2.3}{\376\377\0004\000.\0002\000.\0002\000.\0003\000\040\000g\000e\000t\000U\000l\000e\000s\000S\000z\000a\000m\000\050\000\051}{subsection.4.2.2}% 32
\BOOKMARK [3][-]{subsubsection.4.2.2.4}{\376\377\0004\000.\0002\000.\0002\000.\0004\000\040\000P\000r\000i\000n\000t\000J\000e\000g\000y\000\050\000\051}{subsection.4.2.2}% 33
\BOOKMARK [1][-]{section.4.3}{\376\377\0004\000.\0003\000\040\000I\000d\000o\000\040\000S\000t\000r\000u\000c\000t\000\040\000R\000e\000f\000e\000r\000e\000n\000c\000e}{chapter.4}% 34
\BOOKMARK [2][-]{subsection.4.3.1}{\376\377\0004\000.\0003\000.\0001\000\040\000C\000o\000n\000s\000t\000r\000u\000c\000t\000o\000r\000\040\000\046\000\040\000D\000e\000s\000t\000r\000u\000c\000t\000o\000r\000\040\000D\000o\000c\000u\000m\000e\000n\000t\000a\000t\000i\000o\000n}{section.4.3}% 35
\BOOKMARK [3][-]{subsubsection.4.3.1.1}{\376\377\0004\000.\0003\000.\0001\000.\0001\000\040\000I\000d\000o\000\050\000\051\000\040\000[\0001\000/\0002\000]}{subsection.4.3.1}% 36
\BOOKMARK [3][-]{subsubsection.4.3.1.2}{\376\377\0004\000.\0003\000.\0001\000.\0002\000\040\000I\000d\000o\000\050\000\051\000\040\000[\0002\000/\0002\000]}{subsection.4.3.1}% 37
\BOOKMARK [2][-]{subsection.4.3.2}{\376\377\0004\000.\0003\000.\0002\000\040\000M\000e\000m\000b\000e\000r\000\040\000F\000u\000n\000c\000t\000i\000o\000n\000\040\000D\000o\000c\000u\000m\000e\000n\000t\000a\000t\000i\000o\000n}{section.4.3}% 38
\BOOKMARK [3][-]{subsubsection.4.3.2.1}{\376\377\0004\000.\0003\000.\0002\000.\0001\000\040\000o\000p\000e\000r\000a\000t\000o\000r\000+\000\050\000\051}{subsection.4.3.2}% 39
\BOOKMARK [3][-]{subsubsection.4.3.2.2}{\376\377\0004\000.\0003\000.\0002\000.\0002\000\040\000o\000p\000e\000r\000a\000t\000o\000r\000-\000\050\000\051}{subsection.4.3.2}% 40
\BOOKMARK [3][-]{subsubsection.4.3.2.3}{\376\377\0004\000.\0003\000.\0002\000.\0003\000\040\000o\000p\000e\000r\000a\000t\000o\000r\000=\000=\000\050\000\051}{subsection.4.3.2}% 41
\BOOKMARK [3][-]{subsubsection.4.3.2.4}{\376\377\0004\000.\0003\000.\0002\000.\0004\000\040\000p\000r\000i\000n\000t\000T\000i\000m\000e\000\050\000\051}{subsection.4.3.2}% 42
\BOOKMARK [2][-]{subsection.4.3.3}{\376\377\0004\000.\0003\000.\0003\000\040\000M\000e\000m\000b\000e\000r\000\040\000D\000a\000t\000a\000\040\000D\000o\000c\000u\000m\000e\000n\000t\000a\000t\000i\000o\000n}{section.4.3}% 43
\BOOKMARK [3][-]{subsubsection.4.3.3.1}{\376\377\0004\000.\0003\000.\0003\000.\0001\000\040\000o\000r\000a}{subsection.4.3.3}% 44
\BOOKMARK [3][-]{subsubsection.4.3.3.2}{\376\377\0004\000.\0003\000.\0003\000.\0002\000\040\000p\000e\000r\000c}{subsection.4.3.3}% 45
\BOOKMARK [1][-]{section.4.4}{\376\377\0004\000.\0004\000\040\000I\000n\000t\000e\000r\000f\000a\000c\000e\000\040\000S\000t\000r\000u\000c\000t\000\040\000R\000e\000f\000e\000r\000e\000n\000c\000e}{chapter.4}% 46
\BOOKMARK [2][-]{subsection.4.4.1}{\376\377\0004\000.\0004\000.\0001\000\040\000M\000e\000m\000b\000e\000r\000\040\000F\000u\000n\000c\000t\000i\000o\000n\000\040\000D\000o\000c\000u\000m\000e\000n\000t\000a\000t\000i\000o\000n}{section.4.4}% 47
\BOOKMARK [3][-]{subsubsection.4.4.1.1}{\376\377\0004\000.\0004\000.\0001\000.\0001\000\040\000I\000n\000t\000e\000r\000f\000a\000c\000e\000I\000n\000i\000t\000\050\000\051}{subsection.4.4.1}% 48
\BOOKMARK [3][-]{subsubsection.4.4.1.2}{\376\377\0004\000.\0004\000.\0001\000.\0002\000\040\000J\000a\000r\000a\000t\000I\000n\000t\000e\000r\000f\000a\000c\000e\000\050\000\051}{subsection.4.4.1}% 49
\BOOKMARK [3][-]{subsubsection.4.4.1.3}{\376\377\0004\000.\0004\000.\0001\000.\0003\000\040\000J\000e\000g\000y\000L\000i\000s\000t\000I\000n\000t\000e\000r\000f\000a\000c\000e\000\050\000\051}{subsection.4.4.1}% 50
\BOOKMARK [3][-]{subsubsection.4.4.1.4}{\376\377\0004\000.\0004\000.\0001\000.\0004\000\040\000M\000a\000n\000a\000g\000e\000r\000I\000n\000t\000e\000r\000f\000a\000c\000e\000\050\000\051}{subsection.4.4.1}% 51
\BOOKMARK [3][-]{subsubsection.4.4.1.5}{\376\377\0004\000.\0004\000.\0001\000.\0005\000\040\000U\000s\000e\000r\000I\000n\000p\000u\000t\000C\000h\000e\000c\000k\000e\000r\000\050\000\051}{subsection.4.4.1}% 52
\BOOKMARK [1][-]{section.4.5}{\376\377\0004\000.\0005\000\040\000J\000a\000r\000a\000t\000\040\000C\000l\000a\000s\000s\000\040\000R\000e\000f\000e\000r\000e\000n\000c\000e}{chapter.4}% 53
\BOOKMARK [2][-]{subsection.4.5.1}{\376\377\0004\000.\0005\000.\0001\000\040\000C\000o\000n\000s\000t\000r\000u\000c\000t\000o\000r\000\040\000\046\000\040\000D\000e\000s\000t\000r\000u\000c\000t\000o\000r\000\040\000D\000o\000c\000u\000m\000e\000n\000t\000a\000t\000i\000o\000n}{section.4.5}% 54
\BOOKMARK [3][-]{subsubsection.4.5.1.1}{\376\377\0004\000.\0005\000.\0001\000.\0001\000\040\000J\000a\000r\000a\000t\000\050\000\051}{subsection.4.5.1}% 55
\BOOKMARK [3][-]{subsubsection.4.5.1.2}{\376\377\0004\000.\0005\000.\0001\000.\0002\000\040\000~\000J\000a\000r\000a\000t\000\050\000\051}{subsection.4.5.1}% 56
\BOOKMARK [2][-]{subsection.4.5.2}{\376\377\0004\000.\0005\000.\0002\000\040\000M\000e\000m\000b\000e\000r\000\040\000F\000u\000n\000c\000t\000i\000o\000n\000\040\000D\000o\000c\000u\000m\000e\000n\000t\000a\000t\000i\000o\000n}{section.4.5}% 57
\BOOKMARK [3][-]{subsubsection.4.5.2.1}{\376\377\0004\000.\0005\000.\0002\000.\0001\000\040\000g\000e\000t\000F\000i\000r\000s\000t\000M\000e\000n\000e\000t\000r\000e\000n\000d\000\050\000\051}{subsection.4.5.2}% 58
\BOOKMARK [3][-]{subsubsection.4.5.2.2}{\376\377\0004\000.\0005\000.\0002\000.\0002\000\040\000g\000e\000t\000J\000a\000r\000a\000t\000N\000a\000m\000e\000\050\000\051}{subsection.4.5.2}% 59
\BOOKMARK [3][-]{subsubsection.4.5.2.3}{\376\377\0004\000.\0005\000.\0002\000.\0003\000\040\000g\000e\000t\000J\000V\000o\000n\000a\000t\000\050\000\051}{subsection.4.5.2}% 60
\BOOKMARK [3][-]{subsubsection.4.5.2.4}{\376\377\0004\000.\0005\000.\0002\000.\0004\000\040\000P\000r\000i\000n\000t\000J\000a\000r\000a\000t\000\050\000\051}{subsection.4.5.2}% 61
\BOOKMARK [3][-]{subsubsection.4.5.2.5}{\376\377\0004\000.\0005\000.\0002\000.\0005\000\040\000s\000e\000t\000F\000i\000r\000s\000t\000M\000e\000n\000e\000t\000r\000e\000n\000d\000\050\000\051}{subsection.4.5.2}% 62
\BOOKMARK [3][-]{subsubsection.4.5.2.6}{\376\377\0004\000.\0005\000.\0002\000.\0006\000\040\000s\000e\000t\000J\000V\000o\000n\000a\000t\000\050\000\051}{subsection.4.5.2}% 63
\BOOKMARK [1][-]{section.4.6}{\376\377\0004\000.\0006\000\040\000J\000a\000r\000a\000t\000W\000r\000a\000p\000p\000e\000r\000\040\000C\000l\000a\000s\000s\000\040\000R\000e\000f\000e\000r\000e\000n\000c\000e}{chapter.4}% 64
\BOOKMARK [2][-]{subsection.4.6.1}{\376\377\0004\000.\0006\000.\0001\000\040\000C\000o\000n\000s\000t\000r\000u\000c\000t\000o\000r\000\040\000\046\000\040\000D\000e\000s\000t\000r\000u\000c\000t\000o\000r\000\040\000D\000o\000c\000u\000m\000e\000n\000t\000a\000t\000i\000o\000n}{section.4.6}% 65
\BOOKMARK [3][-]{subsubsection.4.6.1.1}{\376\377\0004\000.\0006\000.\0001\000.\0001\000\040\000J\000a\000r\000a\000t\000W\000r\000a\000p\000p\000e\000r\000\050\000\051}{subsection.4.6.1}% 66
\BOOKMARK [3][-]{subsubsection.4.6.1.2}{\376\377\0004\000.\0006\000.\0001\000.\0002\000\040\000~\000J\000a\000r\000a\000t\000W\000r\000a\000p\000p\000e\000r\000\050\000\051}{subsection.4.6.1}% 67
\BOOKMARK [2][-]{subsection.4.6.2}{\376\377\0004\000.\0006\000.\0002\000\040\000M\000e\000m\000b\000e\000r\000\040\000F\000u\000n\000c\000t\000i\000o\000n\000\040\000D\000o\000c\000u\000m\000e\000n\000t\000a\000t\000i\000o\000n}{section.4.6}% 68
\BOOKMARK [3][-]{subsubsection.4.6.2.1}{\376\377\0004\000.\0006\000.\0002\000.\0001\000\040\000A\000d\000d\000K\000e\000s\000e\000s\000\050\000\051}{subsection.4.6.2}% 69
\BOOKMARK [3][-]{subsubsection.4.6.2.2}{\376\377\0004\000.\0006\000.\0002\000.\0002\000\040\000F\000i\000n\000d\000J\000a\000r\000a\000t\000B\000y\000N\000a\000m\000e\000\050\000\051}{subsection.4.6.2}% 70
\BOOKMARK [3][-]{subsubsection.4.6.2.3}{\376\377\0004\000.\0006\000.\0002\000.\0003\000\040\000g\000e\000t\000J\000a\000r\000a\000t\000\050\000\051}{subsection.4.6.2}% 71
\BOOKMARK [3][-]{subsubsection.4.6.2.4}{\376\377\0004\000.\0006\000.\0002\000.\0004\000\040\000g\000e\000t\000N\000e\000x\000t\000N\000o\000d\000e\000\050\000\051}{subsection.4.6.2}% 72
\BOOKMARK [3][-]{subsubsection.4.6.2.5}{\376\377\0004\000.\0006\000.\0002\000.\0005\000\040\000I\000n\000i\000t\000J\000a\000r\000a\000t\000W\000r\000a\000p\000p\000e\000r\000\050\000\051}{subsection.4.6.2}% 73
\BOOKMARK [3][-]{subsubsection.4.6.2.6}{\376\377\0004\000.\0006\000.\0002\000.\0006\000\040\000o\000p\000e\000r\000a\000t\000o\000r\000+\000\050\000\051}{subsection.4.6.2}% 74
\BOOKMARK [3][-]{subsubsection.4.6.2.7}{\376\377\0004\000.\0006\000.\0002\000.\0007\000\040\000P\000r\000i\000n\000t\000J\000a\000r\000a\000t\000\050\000\051}{subsection.4.6.2}% 75
\BOOKMARK [3][-]{subsubsection.4.6.2.8}{\376\377\0004\000.\0006\000.\0002\000.\0008\000\040\000S\000a\000v\000e\000J\000a\000r\000a\000t\000W\000r\000a\000p\000p\000e\000r\000\050\000\051}{subsection.4.6.2}% 76
\BOOKMARK [1][-]{section.4.7}{\376\377\0004\000.\0007\000\040\000J\000e\000g\000y\000\040\000C\000l\000a\000s\000s\000\040\000R\000e\000f\000e\000r\000e\000n\000c\000e}{chapter.4}% 77
\BOOKMARK [2][-]{subsection.4.7.1}{\376\377\0004\000.\0007\000.\0001\000\040\000C\000o\000n\000s\000t\000r\000u\000c\000t\000o\000r\000\040\000\046\000\040\000D\000e\000s\000t\000r\000u\000c\000t\000o\000r\000\040\000D\000o\000c\000u\000m\000e\000n\000t\000a\000t\000i\000o\000n}{section.4.7}% 78
\BOOKMARK [3][-]{subsubsection.4.7.1.1}{\376\377\0004\000.\0007\000.\0001\000.\0001\000\040\000J\000e\000g\000y\000\050\000\051\000\040\000[\0001\000/\0002\000]}{subsection.4.7.1}% 79
\BOOKMARK [3][-]{subsubsection.4.7.1.2}{\376\377\0004\000.\0007\000.\0001\000.\0002\000\040\000J\000e\000g\000y\000\050\000\051\000\040\000[\0002\000/\0002\000]}{subsection.4.7.1}% 80
\BOOKMARK [3][-]{subsubsection.4.7.1.3}{\376\377\0004\000.\0007\000.\0001\000.\0003\000\040\000~\000J\000e\000g\000y\000\050\000\051}{subsection.4.7.1}% 81
\BOOKMARK [2][-]{subsection.4.7.2}{\376\377\0004\000.\0007\000.\0002\000\040\000M\000e\000m\000b\000e\000r\000\040\000F\000u\000n\000c\000t\000i\000o\000n\000\040\000D\000o\000c\000u\000m\000e\000n\000t\000a\000t\000i\000o\000n}{section.4.7}% 82
\BOOKMARK [3][-]{subsubsection.4.7.2.1}{\376\377\0004\000.\0007\000.\0002\000.\0001\000\040\000C\000l\000o\000n\000e\000\050\000\051}{subsection.4.7.2}% 83
\BOOKMARK [3][-]{subsubsection.4.7.2.2}{\376\377\0004\000.\0007\000.\0002\000.\0002\000\040\000F\000i\000l\000e\000T\000o\000W\000r\000i\000t\000e\000\050\000\051}{subsection.4.7.2}% 84
\BOOKMARK [3][-]{subsubsection.4.7.2.3}{\376\377\0004\000.\0007\000.\0002\000.\0003\000\040\000g\000e\000t\000E\000l\000s\000o\000A\000l\000l\000o\000m\000a\000s\000\050\000\051}{subsection.4.7.2}% 85
\BOOKMARK [3][-]{subsubsection.4.7.2.4}{\376\377\0004\000.\0007\000.\0002\000.\0004\000\040\000g\000e\000t\000J\000a\000r\000a\000t\000\050\000\051}{subsection.4.7.2}% 86
\BOOKMARK [3][-]{subsubsection.4.7.2.5}{\376\377\0004\000.\0007\000.\0002\000.\0005\000\040\000g\000e\000t\000J\000e\000g\000y\000A\000r\000\050\000\051}{subsection.4.7.2}% 87
\BOOKMARK [3][-]{subsubsection.4.7.2.6}{\376\377\0004\000.\0007\000.\0002\000.\0006\000\040\000g\000e\000t\000V\000e\000g\000A\000l\000l\000o\000m\000a\000s\000\050\000\051}{subsection.4.7.2}% 88
\BOOKMARK [3][-]{subsubsection.4.7.2.7}{\376\377\0004\000.\0007\000.\0002\000.\0007\000\040\000P\000r\000i\000n\000t\000J\000e\000g\000y\000\050\000\051}{subsection.4.7.2}% 89
\BOOKMARK [1][-]{section.4.8}{\376\377\0004\000.\0008\000\040\000J\000e\000g\000y\000L\000i\000s\000t\000\040\000C\000l\000a\000s\000s\000\040\000R\000e\000f\000e\000r\000e\000n\000c\000e}{chapter.4}% 90
\BOOKMARK [2][-]{subsection.4.8.1}{\376\377\0004\000.\0008\000.\0001\000\040\000C\000o\000n\000s\000t\000r\000u\000c\000t\000o\000r\000\040\000\046\000\040\000D\000e\000s\000t\000r\000u\000c\000t\000o\000r\000\040\000D\000o\000c\000u\000m\000e\000n\000t\000a\000t\000i\000o\000n}{section.4.8}% 91
\BOOKMARK [3][-]{subsubsection.4.8.1.1}{\376\377\0004\000.\0008\000.\0001\000.\0001\000\040\000J\000e\000g\000y\000L\000i\000s\000t\000\050\000\051\000\040\000[\0001\000/\0002\000]}{subsection.4.8.1}% 92
\BOOKMARK [3][-]{subsubsection.4.8.1.2}{\376\377\0004\000.\0008\000.\0001\000.\0002\000\040\000J\000e\000g\000y\000L\000i\000s\000t\000\050\000\051\000\040\000[\0002\000/\0002\000]}{subsection.4.8.1}% 93
\BOOKMARK [3][-]{subsubsection.4.8.1.3}{\376\377\0004\000.\0008\000.\0001\000.\0003\000\040\000~\000J\000e\000g\000y\000L\000i\000s\000t\000\050\000\051}{subsection.4.8.1}% 94
\BOOKMARK [2][-]{subsection.4.8.2}{\376\377\0004\000.\0008\000.\0002\000\040\000M\000e\000m\000b\000e\000r\000\040\000F\000u\000n\000c\000t\000i\000o\000n\000\040\000D\000o\000c\000u\000m\000e\000n\000t\000a\000t\000i\000o\000n}{section.4.8}% 95
\BOOKMARK [3][-]{subsubsection.4.8.2.1}{\376\377\0004\000.\0008\000.\0002\000.\0001\000\040\000A\000d\000d\000T\000o\000J\000E\000g\000y\000A\000r\000r\000a\000y\000\050\000\051}{subsection.4.8.2}% 96
\BOOKMARK [3][-]{subsubsection.4.8.2.2}{\376\377\0004\000.\0008\000.\0002\000.\0002\000\040\000B\000u\000y\000J\000e\000g\000y\000\050\000\051}{subsection.4.8.2}% 97
\BOOKMARK [3][-]{subsubsection.4.8.2.3}{\376\377\0004\000.\0008\000.\0002\000.\0003\000\040\000D\000e\000l\000e\000t\000e\000F\000r\000o\000m\000J\000E\000g\000y\000A\000r\000r\000a\000y\000\050\000\051}{subsection.4.8.2}% 98
\BOOKMARK [3][-]{subsubsection.4.8.2.4}{\376\377\0004\000.\0008\000.\0002\000.\0004\000\040\000g\000e\000t\000J\000e\000g\000y\000L\000i\000s\000t\000S\000i\000z\000e\000\050\000\051}{subsection.4.8.2}% 99
\BOOKMARK [3][-]{subsubsection.4.8.2.5}{\376\377\0004\000.\0008\000.\0002\000.\0005\000\040\000I\000n\000i\000t\000J\000e\000g\000y\000L\000i\000s\000t\000\050\000\051}{subsection.4.8.2}% 100
\BOOKMARK [3][-]{subsubsection.4.8.2.6}{\376\377\0004\000.\0008\000.\0002\000.\0006\000\040\000P\000r\000i\000n\000t\000J\000e\000g\000y\000L\000i\000s\000t\000\050\000\051}{subsection.4.8.2}% 101
\BOOKMARK [3][-]{subsubsection.4.8.2.7}{\376\377\0004\000.\0008\000.\0002\000.\0007\000\040\000S\000a\000v\000e\000J\000e\000g\000y\000L\000i\000s\000t\000\050\000\051}{subsection.4.8.2}% 102
\BOOKMARK [3][-]{subsubsection.4.8.2.8}{\376\377\0004\000.\0008\000.\0002\000.\0008\000\040\000s\000e\000t\000J\000e\000g\000y\000L\000i\000s\000t\000S\000i\000z\000e\000\050\000\051}{subsection.4.8.2}% 103
\BOOKMARK [1][-]{section.4.9}{\376\377\0004\000.\0009\000\040\000K\000o\000c\000s\000i\000\040\000C\000l\000a\000s\000s\000\040\000R\000e\000f\000e\000r\000e\000n\000c\000e}{chapter.4}% 104
\BOOKMARK [2][-]{subsection.4.9.1}{\376\377\0004\000.\0009\000.\0001\000\040\000C\000o\000n\000s\000t\000r\000u\000c\000t\000o\000r\000\040\000\046\000\040\000D\000e\000s\000t\000r\000u\000c\000t\000o\000r\000\040\000D\000o\000c\000u\000m\000e\000n\000t\000a\000t\000i\000o\000n}{section.4.9}% 105
\BOOKMARK [3][-]{subsubsection.4.9.1.1}{\376\377\0004\000.\0009\000.\0001\000.\0001\000\040\000K\000o\000c\000s\000i\000\050\000\051\000\040\000[\0001\000/\0002\000]}{subsection.4.9.1}% 106
\BOOKMARK [3][-]{subsubsection.4.9.1.2}{\376\377\0004\000.\0009\000.\0001\000.\0002\000\040\000K\000o\000c\000s\000i\000\050\000\051\000\040\000[\0002\000/\0002\000]}{subsection.4.9.1}% 107
\BOOKMARK [3][-]{subsubsection.4.9.1.3}{\376\377\0004\000.\0009\000.\0001\000.\0003\000\040\000~\000K\000o\000c\000s\000i\000\050\000\051}{subsection.4.9.1}% 108
\BOOKMARK [2][-]{subsection.4.9.2}{\376\377\0004\000.\0009\000.\0002\000\040\000M\000e\000m\000b\000e\000r\000\040\000F\000u\000n\000c\000t\000i\000o\000n\000\040\000D\000o\000c\000u\000m\000e\000n\000t\000a\000t\000i\000o\000n}{section.4.9}% 109
\BOOKMARK [3][-]{subsubsection.4.9.2.1}{\376\377\0004\000.\0009\000.\0002\000.\0001\000\040\000e\000n\000u\000m\000T\000o\000S\000t\000r\000i\000n\000g\000\050\000\051}{subsection.4.9.2}% 110
\BOOKMARK [3][-]{subsubsection.4.9.2.2}{\376\377\0004\000.\0009\000.\0002\000.\0002\000\040\000F\000i\000n\000d\000U\000l\000e\000s\000B\000y\000S\000z\000a\000m\000\050\000\051}{subsection.4.9.2}% 111
\BOOKMARK [3][-]{subsubsection.4.9.2.3}{\376\377\0004\000.\0009\000.\0002\000.\0003\000\040\000g\000e\000t\000K\000o\000c\000s\000i\000S\000z\000a\000m\000\050\000\051}{subsection.4.9.2}% 112
\BOOKMARK [3][-]{subsubsection.4.9.2.4}{\376\377\0004\000.\0009\000.\0002\000.\0004\000\040\000g\000e\000t\000K\000o\000c\000s\000i\000T\000i\000p\000u\000s\000\050\000\051}{subsection.4.9.2}% 113
\BOOKMARK [3][-]{subsubsection.4.9.2.5}{\376\377\0004\000.\0009\000.\0002\000.\0005\000\040\000g\000e\000t\000N\000e\000x\000t\000N\000o\000d\000e\000\050\000\051}{subsection.4.9.2}% 114
\BOOKMARK [3][-]{subsubsection.4.9.2.6}{\376\377\0004\000.\0009\000.\0002\000.\0006\000\040\000o\000p\000e\000r\000a\000t\000o\000r\000+\000\050\000\051}{subsection.4.9.2}% 115
\BOOKMARK [3][-]{subsubsection.4.9.2.7}{\376\377\0004\000.\0009\000.\0002\000.\0007\000\040\000P\000r\000i\000n\000t\000K\000o\000c\000s\000i\000k\000\050\000\051}{subsection.4.9.2}% 116
\BOOKMARK [3][-]{subsubsection.4.9.2.8}{\376\377\0004\000.\0009\000.\0002\000.\0008\000\040\000s\000e\000t\000N\000e\000x\000t\000N\000o\000d\000e\000\050\000\051}{subsection.4.9.2}% 117
\BOOKMARK [3][-]{subsubsection.4.9.2.9}{\376\377\0004\000.\0009\000.\0002\000.\0009\000\040\000s\000t\000r\000i\000n\000g\000T\000o\000K\000o\000c\000s\000i\000T\000i\000p\000u\000s\000\050\000\051}{subsection.4.9.2}% 118
\BOOKMARK [1][-]{section.4.10}{\376\377\0004\000.\0001\0000\000\040\000M\000e\000n\000e\000t\000r\000e\000n\000d\000\040\000C\000l\000a\000s\000s\000\040\000R\000e\000f\000e\000r\000e\000n\000c\000e}{chapter.4}% 119
\BOOKMARK [2][-]{subsection.4.10.1}{\376\377\0004\000.\0001\0000\000.\0001\000\040\000C\000o\000n\000s\000t\000r\000u\000c\000t\000o\000r\000\040\000\046\000\040\000D\000e\000s\000t\000r\000u\000c\000t\000o\000r\000\040\000D\000o\000c\000u\000m\000e\000n\000t\000a\000t\000i\000o\000n}{section.4.10}% 120
\BOOKMARK [3][-]{subsubsection.4.10.1.1}{\376\377\0004\000.\0001\0000\000.\0001\000.\0001\000\040\000M\000e\000n\000e\000t\000r\000e\000n\000d\000\050\000\051}{subsection.4.10.1}% 121
\BOOKMARK [3][-]{subsubsection.4.10.1.2}{\376\377\0004\000.\0001\0000\000.\0001\000.\0002\000\040\000~\000M\000e\000n\000e\000t\000r\000e\000n\000d\000\050\000\051}{subsection.4.10.1}% 122
\BOOKMARK [2][-]{subsection.4.10.2}{\376\377\0004\000.\0001\0000\000.\0002\000\040\000M\000e\000m\000b\000e\000r\000\040\000F\000u\000n\000c\000t\000i\000o\000n\000\040\000D\000o\000c\000u\000m\000e\000n\000t\000a\000t\000i\000o\000n}{section.4.10}% 123
\BOOKMARK [3][-]{subsubsection.4.10.2.1}{\376\377\0004\000.\0001\0000\000.\0002\000.\0001\000\040\000d\000e\000l\000e\000t\000e\000E\000l\000e\000m\000e\000n\000t\000\050\000\051}{subsection.4.10.2}% 124
\BOOKMARK [3][-]{subsubsection.4.10.2.2}{\376\377\0004\000.\0001\0000\000.\0002\000.\0002\000\040\000F\000i\000n\000d\000A\000l\000l\000o\000m\000a\000s\000B\000y\000N\000a\000m\000e\000\050\000\051}{subsection.4.10.2}% 125
\BOOKMARK [3][-]{subsubsection.4.10.2.3}{\376\377\0004\000.\0001\0000\000.\0002\000.\0003\000\040\000g\000e\000t\000A\000l\000l\000o\000m\000a\000s\000\050\000\051}{subsection.4.10.2}% 126
\BOOKMARK [3][-]{subsubsection.4.10.2.4}{\376\377\0004\000.\0001\0000\000.\0002\000.\0004\000\040\000g\000e\000t\000E\000r\000k\000e\000z\000o\000I\000d\000o\000\050\000\051}{subsection.4.10.2}% 127
\BOOKMARK [3][-]{subsubsection.4.10.2.5}{\376\377\0004\000.\0001\0000\000.\0002\000.\0005\000\040\000g\000e\000t\000I\000n\000d\000u\000l\000o\000I\000d\000o\000\050\000\051}{subsection.4.10.2}% 128
\BOOKMARK [3][-]{subsubsection.4.10.2.6}{\376\377\0004\000.\0001\0000\000.\0002\000.\0006\000\040\000g\000e\000t\000N\000e\000x\000t\000N\000o\000d\000e\000\050\000\051}{subsection.4.10.2}% 129
\BOOKMARK [3][-]{subsubsection.4.10.2.7}{\376\377\0004\000.\0001\0000\000.\0002\000.\0007\000\040\000o\000p\000e\000r\000a\000t\000o\000r\000+\000\050\000\051}{subsection.4.10.2}% 130
\BOOKMARK [3][-]{subsubsection.4.10.2.8}{\376\377\0004\000.\0001\0000\000.\0002\000.\0008\000\040\000p\000r\000i\000n\000t\000A\000l\000l\000I\000n\000f\000o\000\050\000\051}{subsection.4.10.2}% 131
\BOOKMARK [3][-]{subsubsection.4.10.2.9}{\376\377\0004\000.\0001\0000\000.\0002\000.\0009\000\040\000p\000r\000i\000n\000t\000I\000n\000f\000o\000\050\000\051}{subsection.4.10.2}% 132
\BOOKMARK [3][-]{subsubsection.4.10.2.10}{\376\377\0004\000.\0001\0000\000.\0002\000.\0001\0000\000\040\000p\000r\000i\000n\000t\000K\000e\000s\000e\000s\000\050\000\051}{subsection.4.10.2}% 133
\BOOKMARK [3][-]{subsubsection.4.10.2.11}{\376\377\0004\000.\0001\0000\000.\0002\000.\0001\0001\000\040\000s\000e\000t\000K\000e\000s\000e\000s\000\050\000\051}{subsection.4.10.2}% 134
\BOOKMARK [3][-]{subsubsection.4.10.2.12}{\376\377\0004\000.\0001\0000\000.\0002\000.\0001\0002\000\040\000s\000e\000t\000K\000e\000s\000e\000s\000T\000o\000A\000L\000l\000\050\000\051}{subsection.4.10.2}% 135
\BOOKMARK [1][-]{section.4.11}{\376\377\0004\000.\0001\0001\000\040\000U\000l\000e\000s\000\040\000C\000l\000a\000s\000s\000\040\000R\000e\000f\000e\000r\000e\000n\000c\000e}{chapter.4}% 136
\BOOKMARK [2][-]{subsection.4.11.1}{\376\377\0004\000.\0001\0001\000.\0001\000\040\000C\000o\000n\000s\000t\000r\000u\000c\000t\000o\000r\000\040\000\046\000\040\000D\000e\000s\000t\000r\000u\000c\000t\000o\000r\000\040\000D\000o\000c\000u\000m\000e\000n\000t\000a\000t\000i\000o\000n}{section.4.11}% 137
\BOOKMARK [3][-]{subsubsection.4.11.1.1}{\376\377\0004\000.\0001\0001\000.\0001\000.\0001\000\040\000U\000l\000e\000s\000\050\000\051\000\040\000[\0001\000/\0002\000]}{subsection.4.11.1}% 138
\BOOKMARK [3][-]{subsubsection.4.11.1.2}{\376\377\0004\000.\0001\0001\000.\0001\000.\0002\000\040\000~\000U\000l\000e\000s\000\050\000\051}{subsection.4.11.1}% 139
\BOOKMARK [3][-]{subsubsection.4.11.1.3}{\376\377\0004\000.\0001\0001\000.\0001\000.\0003\000\040\000U\000l\000e\000s\000\050\000\051\000\040\000[\0002\000/\0002\000]}{subsection.4.11.1}% 140
\BOOKMARK [2][-]{subsection.4.11.2}{\376\377\0004\000.\0001\0001\000.\0002\000\040\000M\000e\000m\000b\000e\000r\000\040\000F\000u\000n\000c\000t\000i\000o\000n\000\040\000D\000o\000c\000u\000m\000e\000n\000t\000a\000t\000i\000o\000n}{section.4.11}% 141
\BOOKMARK [3][-]{subsubsection.4.11.2.1}{\376\377\0004\000.\0001\0001\000.\0002\000.\0001\000\040\000g\000e\000t\000A\000b\000l\000a\000k\000M\000e\000l\000\050\000\051}{subsection.4.11.2}% 142
\BOOKMARK [3][-]{subsubsection.4.11.2.2}{\376\377\0004\000.\0001\0001\000.\0002\000.\0002\000\040\000g\000e\000t\000S\000z\000a\000b\000a\000d\000\050\000\051}{subsection.4.11.2}% 143
\BOOKMARK [3][-]{subsubsection.4.11.2.3}{\376\377\0004\000.\0001\0001\000.\0002\000.\0003\000\040\000g\000e\000t\000U\000l\000e\000s\000S\000z\000a\000m\000\050\000\051}{subsection.4.11.2}% 144
\BOOKMARK [3][-]{subsubsection.4.11.2.4}{\376\377\0004\000.\0001\0001\000.\0002\000.\0004\000\040\000s\000e\000t\000A\000b\000l\000a\000k\000m\000e\000l\000\050\000\051}{subsection.4.11.2}% 145
\BOOKMARK [3][-]{subsubsection.4.11.2.5}{\376\377\0004\000.\0001\0001\000.\0002\000.\0005\000\040\000s\000e\000t\000S\000z\000a\000b\000a\000d\000\050\000\051}{subsection.4.11.2}% 146
\BOOKMARK [3][-]{subsubsection.4.11.2.6}{\376\377\0004\000.\0001\0001\000.\0002\000.\0006\000\040\000s\000e\000t\000U\000l\000e\000s\000S\000z\000a\000m\000\050\000\051}{subsection.4.11.2}% 147
\BOOKMARK [1][-]{section.4.12}{\376\377\0004\000.\0001\0002\000\040\000V\000o\000n\000a\000t\000\040\000C\000l\000a\000s\000s\000\040\000R\000e\000f\000e\000r\000e\000n\000c\000e}{chapter.4}% 148
\BOOKMARK [2][-]{subsection.4.12.1}{\376\377\0004\000.\0001\0002\000.\0001\000\040\000C\000o\000n\000s\000t\000r\000u\000c\000t\000o\000r\000\040\000\046\000\040\000D\000e\000s\000t\000r\000u\000c\000t\000o\000r\000\040\000D\000o\000c\000u\000m\000e\000n\000t\000a\000t\000i\000o\000n}{section.4.12}% 149
\BOOKMARK [3][-]{subsubsection.4.12.1.1}{\376\377\0004\000.\0001\0002\000.\0001\000.\0001\000\040\000V\000o\000n\000a\000t\000\050\000\051\000\040\000[\0001\000/\0002\000]}{subsection.4.12.1}% 150
\BOOKMARK [3][-]{subsubsection.4.12.1.2}{\376\377\0004\000.\0001\0002\000.\0001\000.\0002\000\040\000V\000o\000n\000a\000t\000\050\000\051\000\040\000[\0002\000/\0002\000]}{subsection.4.12.1}% 151
\BOOKMARK [3][-]{subsubsection.4.12.1.3}{\376\377\0004\000.\0001\0002\000.\0001\000.\0003\000\040\000~\000V\000o\000n\000a\000t\000\050\000\051}{subsection.4.12.1}% 152
\BOOKMARK [2][-]{subsection.4.12.2}{\376\377\0004\000.\0001\0002\000.\0002\000\040\000M\000e\000m\000b\000e\000r\000\040\000F\000u\000n\000c\000t\000i\000o\000n\000\040\000D\000o\000c\000u\000m\000e\000n\000t\000a\000t\000i\000o\000n}{section.4.12}% 153
\BOOKMARK [3][-]{subsubsection.4.12.2.1}{\376\377\0004\000.\0001\0002\000.\0002\000.\0001\000\040\000A\000d\000d\000T\000o\000V\000o\000n\000a\000t\000A\000r\000r\000a\000y\000\050\000\051}{subsection.4.12.2}% 154
\BOOKMARK [3][-]{subsubsection.4.12.2.2}{\376\377\0004\000.\0001\0002\000.\0002\000.\0002\000\040\000C\000h\000e\000c\000k\000S\000t\000r\000i\000n\000g\000I\000n\000t\000\050\000\051}{subsection.4.12.2}% 155
\BOOKMARK [3][-]{subsubsection.4.12.2.3}{\376\377\0004\000.\0001\0002\000.\0002\000.\0003\000\040\000c\000o\000p\000y\000K\000o\000c\000s\000i\000A\000r\000r\000a\000y\000\050\000\051}{subsection.4.12.2}% 156
\BOOKMARK [3][-]{subsubsection.4.12.2.4}{\376\377\0004\000.\0001\0002\000.\0002\000.\0004\000\040\000C\000r\000e\000a\000t\000e\000N\000e\000w\000V\000o\000n\000a\000t\000\050\000\051}{subsection.4.12.2}% 157
\BOOKMARK [3][-]{subsubsection.4.12.2.5}{\376\377\0004\000.\0001\0002\000.\0002\000.\0005\000\040\000D\000e\000l\000e\000t\000e\000K\000o\000c\000s\000i\000A\000r\000r\000a\000y\000\050\000\051}{subsection.4.12.2}% 158
\BOOKMARK [3][-]{subsubsection.4.12.2.6}{\376\377\0004\000.\0001\0002\000.\0002\000.\0006\000\040\000e\000n\000u\000m\000T\000o\000S\000t\000r\000i\000n\000g\000\050\000\051}{subsection.4.12.2}% 159
\BOOKMARK [3][-]{subsubsection.4.12.2.7}{\376\377\0004\000.\0001\0002\000.\0002\000.\0007\000\040\000F\000i\000n\000d\000K\000o\000c\000s\000i\000B\000y\000S\000z\000a\000m\000\050\000\051}{subsection.4.12.2}% 160
\BOOKMARK [3][-]{subsubsection.4.12.2.8}{\376\377\0004\000.\0001\0002\000.\0002\000.\0008\000\040\000F\000i\000n\000d\000V\000o\000n\000a\000t\000B\000y\000N\000u\000m\000b\000e\000r\000\050\000\051}{subsection.4.12.2}% 161
\BOOKMARK [3][-]{subsubsection.4.12.2.9}{\376\377\0004\000.\0001\0002\000.\0002\000.\0009\000\040\000g\000e\000t\000K\000o\000c\000s\000i\000\050\000\051}{subsection.4.12.2}% 162
\BOOKMARK [3][-]{subsubsection.4.12.2.10}{\376\377\0004\000.\0001\0002\000.\0002\000.\0001\0000\000\040\000g\000e\000t\000K\000o\000c\000s\000i\000D\000a\000r\000a\000b\000\050\000\051}{subsection.4.12.2}% 163
\BOOKMARK [3][-]{subsubsection.4.12.2.11}{\376\377\0004\000.\0001\0002\000.\0002\000.\0001\0001\000\040\000g\000e\000t\000K\000o\000r\000\050\000\051}{subsection.4.12.2}% 164
\BOOKMARK [3][-]{subsubsection.4.12.2.12}{\376\377\0004\000.\0001\0002\000.\0002\000.\0001\0002\000\040\000g\000e\000t\000M\000a\000x\000S\000e\000b\000\050\000\051}{subsection.4.12.2}% 165
\BOOKMARK [3][-]{subsubsection.4.12.2.13}{\376\377\0004\000.\0001\0002\000.\0002\000.\0001\0003\000\040\000g\000e\000t\000V\000o\000n\000a\000t\000S\000z\000a\000m\000\050\000\051}{subsection.4.12.2}% 166
\BOOKMARK [3][-]{subsubsection.4.12.2.14}{\376\377\0004\000.\0001\0002\000.\0002\000.\0001\0004\000\040\000g\000e\000t\000V\000o\000n\000a\000t\000T\000i\000p\000u\000s\000\050\000\051}{subsection.4.12.2}% 167
\BOOKMARK [3][-]{subsubsection.4.12.2.15}{\376\377\0004\000.\0001\0002\000.\0002\000.\0001\0005\000\040\000I\000n\000i\000t\000V\000o\000n\000a\000t\000\050\000\051}{subsection.4.12.2}% 168
\BOOKMARK [3][-]{subsubsection.4.12.2.16}{\376\377\0004\000.\0001\0002\000.\0002\000.\0001\0006\000\040\000p\000r\000i\000n\000t\000V\000o\000n\000a\000t\000S\000t\000a\000t\000\050\000\051}{subsection.4.12.2}% 169
\BOOKMARK [3][-]{subsubsection.4.12.2.17}{\376\377\0004\000.\0001\0002\000.\0002\000.\0001\0007\000\040\000R\000e\000m\000o\000v\000e\000F\000r\000o\000m\000V\000o\000n\000a\000t\000A\000r\000r\000a\000y\000\050\000\051}{subsection.4.12.2}% 170
\BOOKMARK [3][-]{subsubsection.4.12.2.18}{\376\377\0004\000.\0001\0002\000.\0002\000.\0001\0008\000\040\000S\000a\000v\000e\000V\000o\000n\000a\000t\000\050\000\051}{subsection.4.12.2}% 171
\BOOKMARK [3][-]{subsubsection.4.12.2.19}{\376\377\0004\000.\0001\0002\000.\0002\000.\0001\0009\000\040\000s\000t\000r\000i\000n\000g\000T\000o\000V\000o\000n\000a\000t\000T\000i\000p\000u\000s\000\050\000\051}{subsection.4.12.2}% 172
\BOOKMARK [0][-]{chapter.5}{\376\377\0005\000\040\000F\000i\000l\000e\000\040\000D\000o\000c\000u\000m\000e\000n\000t\000a\000t\000i\000o\000n}{}% 173
\BOOKMARK [1][-]{section.5.1}{\376\377\0005\000.\0001\000\040\000A\000l\000l\000o\000m\000a\000s\000.\000c\000p\000p\000\040\000F\000i\000l\000e\000\040\000R\000e\000f\000e\000r\000e\000n\000c\000e}{chapter.5}% 174
\BOOKMARK [1][-]{section.5.2}{\376\377\0005\000.\0002\000\040\000A\000l\000l\000o\000m\000a\000s\000.\000h\000\040\000F\000i\000l\000e\000\040\000R\000e\000f\000e\000r\000e\000n\000c\000e}{chapter.5}% 175
\BOOKMARK [1][-]{section.5.3}{\376\377\0005\000.\0003\000\040\000A\000l\000l\000o\000m\000a\000s\000.\000h}{chapter.5}% 176
\BOOKMARK [1][-]{section.5.4}{\376\377\0005\000.\0004\000\040\000H\000e\000l\000y\000J\000e\000g\000y\000.\000c\000p\000p\000\040\000F\000i\000l\000e\000\040\000R\000e\000f\000e\000r\000e\000n\000c\000e}{chapter.5}% 177
\BOOKMARK [1][-]{section.5.5}{\376\377\0005\000.\0005\000\040\000H\000e\000l\000y\000J\000e\000g\000y\000.\000h\000\040\000F\000i\000l\000e\000\040\000R\000e\000f\000e\000r\000e\000n\000c\000e}{chapter.5}% 178
\BOOKMARK [1][-]{section.5.6}{\376\377\0005\000.\0006\000\040\000H\000e\000l\000y\000J\000e\000g\000y\000.\000h}{chapter.5}% 179
\BOOKMARK [1][-]{section.5.7}{\376\377\0005\000.\0007\000\040\000I\000d\000o\000.\000c\000p\000p\000\040\000F\000i\000l\000e\000\040\000R\000e\000f\000e\000r\000e\000n\000c\000e}{chapter.5}% 180
\BOOKMARK [1][-]{section.5.8}{\376\377\0005\000.\0008\000\040\000I\000d\000o\000.\000h\000\040\000F\000i\000l\000e\000\040\000R\000e\000f\000e\000r\000e\000n\000c\000e}{chapter.5}% 181
\BOOKMARK [1][-]{section.5.9}{\376\377\0005\000.\0009\000\040\000I\000d\000o\000.\000h}{chapter.5}% 182
\BOOKMARK [1][-]{section.5.10}{\376\377\0005\000.\0001\0000\000\040\000I\000n\000t\000e\000r\000f\000a\000c\000e\000.\000c\000p\000p\000\040\000F\000i\000l\000e\000\040\000R\000e\000f\000e\000r\000e\000n\000c\000e}{chapter.5}% 183
\BOOKMARK [1][-]{section.5.11}{\376\377\0005\000.\0001\0001\000\040\000I\000n\000t\000e\000r\000f\000a\000c\000e\000.\000h\000\040\000F\000i\000l\000e\000\040\000R\000e\000f\000e\000r\000e\000n\000c\000e}{chapter.5}% 184
\BOOKMARK [1][-]{section.5.12}{\376\377\0005\000.\0001\0002\000\040\000I\000n\000t\000e\000r\000f\000a\000c\000e\000.\000h}{chapter.5}% 185
\BOOKMARK [1][-]{section.5.13}{\376\377\0005\000.\0001\0003\000\040\000J\000a\000r\000a\000t\000.\000c\000p\000p\000\040\000F\000i\000l\000e\000\040\000R\000e\000f\000e\000r\000e\000n\000c\000e}{chapter.5}% 186
\BOOKMARK [1][-]{section.5.14}{\376\377\0005\000.\0001\0004\000\040\000J\000a\000r\000a\000t\000.\000h\000\040\000F\000i\000l\000e\000\040\000R\000e\000f\000e\000r\000e\000n\000c\000e}{chapter.5}% 187
\BOOKMARK [1][-]{section.5.15}{\376\377\0005\000.\0001\0005\000\040\000J\000a\000r\000a\000t\000.\000h}{chapter.5}% 188
\BOOKMARK [1][-]{section.5.16}{\376\377\0005\000.\0001\0006\000\040\000J\000a\000r\000a\000t\000W\000r\000a\000p\000p\000e\000r\000.\000c\000p\000p\000\040\000F\000i\000l\000e\000\040\000R\000e\000f\000e\000r\000e\000n\000c\000e}{chapter.5}% 189
\BOOKMARK [1][-]{section.5.17}{\376\377\0005\000.\0001\0007\000\040\000J\000a\000r\000a\000t\000W\000r\000a\000p\000p\000e\000r\000.\000h\000\040\000F\000i\000l\000e\000\040\000R\000e\000f\000e\000r\000e\000n\000c\000e}{chapter.5}% 190
\BOOKMARK [1][-]{section.5.18}{\376\377\0005\000.\0001\0008\000\040\000J\000a\000r\000a\000t\000W\000r\000a\000p\000p\000e\000r\000.\000h}{chapter.5}% 191
\BOOKMARK [1][-]{section.5.19}{\376\377\0005\000.\0001\0009\000\040\000J\000e\000g\000y\000.\000c\000p\000p\000\040\000F\000i\000l\000e\000\040\000R\000e\000f\000e\000r\000e\000n\000c\000e}{chapter.5}% 192
\BOOKMARK [1][-]{section.5.20}{\376\377\0005\000.\0002\0000\000\040\000J\000e\000g\000y\000.\000h\000\040\000F\000i\000l\000e\000\040\000R\000e\000f\000e\000r\000e\000n\000c\000e}{chapter.5}% 193
\BOOKMARK [1][-]{section.5.21}{\376\377\0005\000.\0002\0001\000\040\000J\000e\000g\000y\000.\000h}{chapter.5}% 194
\BOOKMARK [1][-]{section.5.22}{\376\377\0005\000.\0002\0002\000\040\000J\000e\000g\000y\000L\000i\000s\000t\000.\000c\000p\000p\000\040\000F\000i\000l\000e\000\040\000R\000e\000f\000e\000r\000e\000n\000c\000e}{chapter.5}% 195
\BOOKMARK [1][-]{section.5.23}{\376\377\0005\000.\0002\0003\000\040\000J\000e\000g\000y\000L\000i\000s\000t\000.\000h\000\040\000F\000i\000l\000e\000\040\000R\000e\000f\000e\000r\000e\000n\000c\000e}{chapter.5}% 196
